This is pdfTeX, Version 3.141592653-2.6-1.40.25 (TeX Live 2023/Debian) (preloaded format=pdflatex 2026.3.30)  30 MAR 2026 23:10
entering extended mode
 restricted \write18 enabled.
 file:line:error style messages enabled.
 %&-line parsing enabled.
**/home/kikin/Proyectos/Reservas/Reservas/memo_reservas.tex
(/home/kikin/Proyectos/Reservas/Reservas/memo_reservas.tex
LaTeX2e <2023-11-01> patch level 1
L3 programming layer <2024-01-22>
(/usr/share/texlive/texmf-dist/tex/latex/base/article.cls
Document Class: article 2023/05/17 v1.4n Standard LaTeX document class
(/usr/share/texlive/texmf-dist/tex/latex/base/size12.clo
File: size12.clo 2023/05/17 v1.4n Standard LaTeX file (size option)
)
\c@part=\count187
\c@section=\count188
\c@subsection=\count189
\c@subsubsection=\count190
\c@paragraph=\count191
\c@subparagraph=\count192
\c@figure=\count193
\c@table=\count194
\abovecaptionskip=\skip48
\belowcaptionskip=\skip49
\bibindent=\dimen140
) (/usr/share/texlive/texmf-dist/tex/latex/base/inputenc.sty
Package: inputenc 2021/02/14 v1.3d Input encoding file
\inpenc@prehook=\toks17
\inpenc@posthook=\toks18
) (/usr/share/texlive/texmf-dist/tex/generic/babel/babel.sty
Package: babel 2024/01/07 v24.1 The Babel package
\babel@savecnt=\count195
\U@D=\dimen141
\l@unhyphenated=\language89
 (/usr/share/texlive/texmf-dist/tex/generic/babel/txtbabel.def)
\bbl@readstream=\read2
\bbl@dirlevel=\count196
 (/usr/share/texlive/texmf-dist/tex/generic/babel-spanish/spanish.ldf
Language: spanish.ldf 2021/05/27 v5.0q Spanish support from the babel system
\es@quottoks=\toks19
\es@quotdepth=\count197
Package babel Info: Making " an active character on input line 570.
Package babel Info: Making . an active character on input line 675.
Package babel Info: Making < an active character on input line 722.
Package babel Info: Making > an active character on input line 722.
)) (/usr/share/texlive/texmf-dist/tex/generic/babel/locale/es/babel-spanish.tex
Package babel Info: Importing font and identification data for spanish
(babel)             from babel-es.ini. Reported on input line 11.
) (/usr/share/texlive/texmf-dist/tex/latex/geometry/geometry.sty
Package: geometry 2020/01/02 v5.9 Page Geometry
 (/usr/share/texlive/texmf-dist/tex/latex/graphics/keyval.sty
Package: keyval 2022/05/29 v1.15 key=value parser (DPC)
\KV@toks@=\toks20
) (/usr/share/texlive/texmf-dist/tex/generic/iftex/ifvtex.sty
Package: ifvtex 2019/10/25 v1.7 ifvtex legacy package. Use iftex instead.
 (/usr/share/texlive/texmf-dist/tex/generic/iftex/iftex.sty
Package: iftex 2022/02/03 v1.0f TeX engine tests
))
\Gm@cnth=\count198
\Gm@cntv=\count199
\c@Gm@tempcnt=\count266
\Gm@bindingoffset=\dimen142
\Gm@wd@mp=\dimen143
\Gm@odd@mp=\dimen144
\Gm@even@mp=\dimen145
\Gm@layoutwidth=\dimen146
\Gm@layoutheight=\dimen147
\Gm@layouthoffset=\dimen148
\Gm@layoutvoffset=\dimen149
\Gm@dimlist=\toks21
) (/usr/share/texlive/texmf-dist/tex/latex/graphics/graphicx.sty
Package: graphicx 2021/09/16 v1.2d Enhanced LaTeX Graphics (DPC,SPQR)
 (/usr/share/texlive/texmf-dist/tex/latex/graphics/graphics.sty
Package: graphics 2022/03/10 v1.4e Standard LaTeX Graphics (DPC,SPQR)
 (/usr/share/texlive/texmf-dist/tex/latex/graphics/trig.sty
Package: trig 2021/08/11 v1.11 sin cos tan (DPC)
) (/usr/share/texlive/texmf-dist/tex/latex/graphics-cfg/graphics.cfg
File: graphics.cfg 2016/06/04 v1.11 sample graphics configuration
)
Package graphics Info: Driver file: pdftex.def on input line 107.
 (/usr/share/texlive/texmf-dist/tex/latex/graphics-def/pdftex.def
File: pdftex.def 2022/09/22 v1.2b Graphics/color driver for pdftex
))
\Gin@req@height=\dimen150
\Gin@req@width=\dimen151
) (/usr/share/texlive/texmf-dist/tex/latex/eso-pic/eso-pic.sty
Package: eso-pic 2023/05/03 v3.0c eso-pic (RN)
\ESO@tempdima=\dimen152
\ESO@tempdimb=\dimen153
 (/usr/share/texlive/texmf-dist/tex/latex/xcolor/xcolor.sty
Package: xcolor 2023/11/15 v3.01 LaTeX color extensions (UK)
 (/usr/share/texlive/texmf-dist/tex/latex/graphics-cfg/color.cfg
File: color.cfg 2016/01/02 v1.6 sample color configuration
)
Package xcolor Info: Driver file: pdftex.def on input line 274.
 (/usr/share/texlive/texmf-dist/tex/latex/graphics/mathcolor.ltx)
Package xcolor Info: Model `cmy' substituted by `cmy0' on input line 1350.
Package xcolor Info: Model `hsb' substituted by `rgb' on input line 1354.
Package xcolor Info: Model `RGB' extended on input line 1366.
Package xcolor Info: Model `HTML' substituted by `rgb' on input line 1368.
Package xcolor Info: Model `Hsb' substituted by `hsb' on input line 1369.
Package xcolor Info: Model `tHsb' substituted by `hsb' on input line 1370.
Package xcolor Info: Model `HSB' substituted by `hsb' on input line 1371.
Package xcolor Info: Model `Gray' substituted by `gray' on input line 1372.
Package xcolor Info: Model `wave' substituted by `hsb' on input line 1373.
)) (/usr/share/texlive/texmf-dist/tex/latex/fancyhdr/fancyhdr.sty
Package: fancyhdr 2022/11/09 v4.1 Extensive control of page headers and footers
\f@nch@headwidth=\skip50
\f@nch@O@elh=\skip51
\f@nch@O@erh=\skip52
\f@nch@O@olh=\skip53
\f@nch@O@orh=\skip54
\f@nch@O@elf=\skip55
\f@nch@O@erf=\skip56
\f@nch@O@olf=\skip57
\f@nch@O@orf=\skip58
) (/usr/share/texlive/texmf-dist/tex/latex/psnfss/times.sty
Package: times 2020/03/25 PSNFSS-v9.3 (SPQR) 
)
LaTeX Font Info:    Trying to load font information for OT1+ptm on input line 42.
 (/usr/share/texlive/texmf-dist/tex/latex/psnfss/ot1ptm.fd
File: ot1ptm.fd 2001/06/04 font definitions for OT1/ptm.
) (/usr/share/texlive/texmf-dist/tex/latex/l3backend/l3backend-pdftex.def
File: l3backend-pdftex.def 2024-01-04 L3 backend support: PDF output (pdfTeX)
\l__color_backend_stack_int=\count267
\l__pdf_internal_box=\box51
) (./memo_reservas.aux)
\openout1 = `memo_reservas.aux'.

LaTeX Font Info:    Checking defaults for OML/cmm/m/it on input line 42.
LaTeX Font Info:    ... okay on input line 42.
LaTeX Font Info:    Checking defaults for OMS/cmsy/m/n on input line 42.
LaTeX Font Info:    ... okay on input line 42.
LaTeX Font Info:    Checking defaults for OT1/cmr/m/n on input line 42.
LaTeX Font Info:    ... okay on input line 42.
LaTeX Font Info:    Checking defaults for T1/cmr/m/n on input line 42.
LaTeX Font Info:    ... okay on input line 42.
LaTeX Font Info:    Checking defaults for TS1/cmr/m/n on input line 42.
LaTeX Font Info:    ... okay on input line 42.
LaTeX Font Info:    Checking defaults for OMX/cmex/m/n on input line 42.
LaTeX Font Info:    ... okay on input line 42.
LaTeX Font Info:    Checking defaults for U/cmr/m/n on input line 42.
LaTeX Font Info:    ... okay on input line 42.
LaTeX Info: Redefining \. on input line 42.
LaTeX Info: Redefining \% on input line 42.

*geometry* driver: auto-detecting
*geometry* detected driver: pdftex
*geometry* verbose mode - [ preamble ] result:
* driver: pdftex
* paper: a4paper
* layout: <same size as paper>
* layoutoffset:(h,v)=(0.0pt,0.0pt)
* modes: 
* h-part:(L,W,R)=(79.6678pt, 438.17227pt, 79.6678pt)
* v-part:(T,H,B)=(108.12054pt, 665.79442pt, 71.13188pt)
* \paperwidth=597.50787pt
* \paperheight=845.04684pt
* \textwidth=438.17227pt
* \textheight=665.79442pt
* \oddsidemargin=7.39781pt
* \evensidemargin=7.39781pt
* \topmargin=-1.14944pt
* \headheight=12.0pt
* \headsep=25.0pt
* \topskip=12.0pt
* \footskip=30.0pt
* \marginparwidth=44.0pt
* \marginparsep=10.0pt
* \columnsep=10.0pt
* \skip\footins=10.8pt plus 4.0pt minus 2.0pt
* \hoffset=0.0pt
* \voffset=0.0pt
* \mag=1000
* \@twocolumnfalse
* \@twosidefalse
* \@mparswitchfalse
* \@reversemarginfalse
* (1in=72.27pt=25.4mm, 1cm=28.453pt)

(/usr/share/texlive/texmf-dist/tex/context/base/mkii/supp-pdf.mkii
[Loading MPS to PDF converter (version 2006.09.02).]
\scratchcounter=\count268
\scratchdimen=\dimen154
\scratchbox=\box52
\nofMPsegments=\count269
\nofMParguments=\count270
\everyMPshowfont=\toks22
\MPscratchCnt=\count271
\MPscratchDim=\dimen155
\MPnumerator=\count272
\makeMPintoPDFobject=\count273
\everyMPtoPDFconversion=\toks23
) (/usr/share/texlive/texmf-dist/tex/latex/epstopdf-pkg/epstopdf-base.sty
Package: epstopdf-base 2020-01-24 v2.11 Base part for package epstopdf
Package epstopdf-base Info: Redefining graphics rule for `.eps' on input line 485.
 (/usr/share/texlive/texmf-dist/tex/latex/latexconfig/epstopdf-sys.cfg
File: epstopdf-sys.cfg 2010/07/13 v1.3 Configuration of (r)epstopdf for TeX Live
))
/home/kikin/Proyectos/Reservas/Reservas/memo_reservas.tex:54: Missing $ inserted.
<inserted text> 
                $
l.54 \textbf{[[ solicitante_nombre ]]}
                                       \\
I've inserted a begin-math/end-math symbol since I think
you left one out. Proceed, with fingers crossed.

LaTeX Font Info:    External font `cmex10' loaded for size
(Font)              <12> on input line 54.
LaTeX Font Info:    External font `cmex10' loaded for size
(Font)              <8> on input line 54.
LaTeX Font Info:    External font `cmex10' loaded for size
(Font)              <6> on input line 54.
/home/kikin/Proyectos/Reservas/Reservas/memo_reservas.tex:54: Extra }, or forgotten $.
<recently read> \egroup 
                        
l.54 \textbf{[[ solicitante_nombre ]]}
                                       \\
I've deleted a group-closing symbol because it seems to be
spurious, as in `$x}$'. But perhaps the } is legitimate and
you forgot something else, as in `\hbox{$x}'. In such cases
the way to recover is to insert both the forgotten and the
deleted material, e.g., by typing `I$}'.

/home/kikin/Proyectos/Reservas/Reservas/memo_reservas.tex:55: Missing $ inserted.
<inserted text> 
                $
l.55 \textbf{[[ solicitante_puesto ]]}
                                       \\
I've inserted a begin-math/end-math symbol since I think
you left one out. Proceed, with fingers crossed.

/home/kikin/Proyectos/Reservas/Reservas/memo_reservas.tex:55: Extra }, or forgotten $.
\mbox  #1->\leavevmode \hbox {#1}
                                 
l.55 \textbf{[[ solicitante_puesto ]]}
                                       \\
I've deleted a group-closing symbol because it seems to be
spurious, as in `$x}$'. But perhaps the } is legitimate and
you forgot something else, as in `\hbox{$x}'. In such cases
the way to recover is to insert both the forgotten and the
deleted material, e.g., by typing `I$}'.

/home/kikin/Proyectos/Reservas/Reservas/memo_reservas.tex:55: Extra }, or forgotten $.
\nfss@text #1->{\mbox {#1}}
                           
l.55 \textbf{[[ solicitante_puesto ]]}
                                       \\
I've deleted a group-closing symbol because it seems to be
spurious, as in `$x}$'. But perhaps the } is legitimate and
you forgot something else, as in `\hbox{$x}'. In such cases
the way to recover is to insert both the forgotten and the
deleted material, e.g., by typing `I$}'.

/home/kikin/Proyectos/Reservas/Reservas/memo_reservas.tex:57: Missing $ inserted.
<inserted text> 
                $
l.57 
     
I've inserted a begin-math/end-math symbol since I think
you left one out. Proceed, with fingers crossed.

/home/kikin/Proyectos/Reservas/Reservas/memo_reservas.tex:67: Missing $ inserted.
<inserted text> 
                $
l.67 ...d automovilística institucional [[ texto_
                                                  fechas ]] en un horario de...
I've inserted a begin-math/end-math symbol since I think
you left one out. Proceed, with fingers crossed.

/home/kikin/Proyectos/Reservas/Reservas/memo_reservas.tex:68: Missing $ inserted.
<inserted text> 
                $
l.68 
     
I've inserted a begin-math/end-math symbol since I think
you left one out. Proceed, with fingers crossed.

/home/kikin/Proyectos/Reservas/Reservas/memo_reservas.tex:72: Missing $ inserted.
<inserted text> 
                $
l.72 [[ texto_
              personal ]]
I've inserted a begin-math/end-math symbol since I think
you left one out. Proceed, with fingers crossed.

/home/kikin/Proyectos/Reservas/Reservas/memo_reservas.tex:73: Missing $ inserted.
<inserted text> 
                $
l.73 
     
I've inserted a begin-math/end-math symbol since I think
you left one out. Proceed, with fingers crossed.

/home/kikin/Proyectos/Reservas/Reservas/memo_reservas.tex:90: Missing $ inserted.
<inserted text> 
                $
l.90 \textbf{[[ solicitante_nombre ]]}
                                       & \textbf{Lic. Altagracia García Ros...
I've inserted a begin-math/end-math symbol since I think
you left one out. Proceed, with fingers crossed.

/home/kikin/Proyectos/Reservas/Reservas/memo_reservas.tex:90: Extra }, or forgotten $.
<recently read> \egroup 
                        
l.90 \textbf{[[ solicitante_nombre ]]}
                                       & \textbf{Lic. Altagracia García Ros...
I've deleted a group-closing symbol because it seems to be
spurious, as in `$x}$'. But perhaps the } is legitimate and
you forgot something else, as in `\hbox{$x}'. In such cases
the way to recover is to insert both the forgotten and the
deleted material, e.g., by typing `I$}'.

/home/kikin/Proyectos/Reservas/Reservas/memo_reservas.tex:90: Missing } inserted.
<inserted text> 
                }
l.90 \textbf{[[ solicitante_nombre ]]} &
                                         \textbf{Lic. Altagracia García Ros...
I've put in what seems to be necessary to fix
the current column of the current alignment.
Try to go on, since this might almost work.

/home/kikin/Proyectos/Reservas/Reservas/memo_reservas.tex:90: Extra }, or forgotten $.
<inserted text> }
                 
l.90 \textbf{[[ solicitante_nombre ]]} &
                                         \textbf{Lic. Altagracia García Ros...
I've deleted a group-closing symbol because it seems to be
spurious, as in `$x}$'. But perhaps the } is legitimate and
you forgot something else, as in `\hbox{$x}'. In such cases
the way to recover is to insert both the forgotten and the
deleted material, e.g., by typing `I$}'.

/home/kikin/Proyectos/Reservas/Reservas/memo_reservas.tex:90: Missing } inserted.
<inserted text> 
                }
l.90 \textbf{[[ solicitante_nombre ]]} &
                                         \textbf{Lic. Altagracia García Ros...
I've put in what seems to be necessary to fix
the current column of the current alignment.
Try to go on, since this might almost work.

/home/kikin/Proyectos/Reservas/Reservas/memo_reservas.tex:90: Extra }, or forgotten $.
<inserted text> }
                 
l.90 \textbf{[[ solicitante_nombre ]]} &
                                         \textbf{Lic. Altagracia García Ros...
I've deleted a group-closing symbol because it seems to be
spurious, as in `$x}$'. But perhaps the } is legitimate and
you forgot something else, as in `\hbox{$x}'. In such cases
the way to recover is to insert both the forgotten and the
deleted material, e.g., by typing `I$}'.

/home/kikin/Proyectos/Reservas/Reservas/memo_reservas.tex:90: Missing } inserted.
<inserted text> 
                }
l.90 \textbf{[[ solicitante_nombre ]]} &
                                         \textbf{Lic. Altagracia García Ros...
I've put in what seems to be necessary to fix
the current column of the current alignment.
Try to go on, since this might almost work.

/home/kikin/Proyectos/Reservas/Reservas/memo_reservas.tex:90: Extra }, or forgotten $.
<inserted text> }
                 
l.90 \textbf{[[ solicitante_nombre ]]} &
                                         \textbf{Lic. Altagracia García Ros...
I've deleted a group-closing symbol because it seems to be
spurious, as in `$x}$'. But perhaps the } is legitimate and
you forgot something else, as in `\hbox{$x}'. In such cases
the way to recover is to insert both the forgotten and the
deleted material, e.g., by typing `I$}'.

/home/kikin/Proyectos/Reservas/Reservas/memo_reservas.tex:90: Missing } inserted.
<inserted text> 
                }
l.90 \textbf{[[ solicitante_nombre ]]} &
                                         \textbf{Lic. Altagracia García Ros...
I've put in what seems to be necessary to fix
the current column of the current alignment.
Try to go on, since this might almost work.

/home/kikin/Proyectos/Reservas/Reservas/memo_reservas.tex:90: Extra }, or forgotten $.
<inserted text> }
                 
l.90 \textbf{[[ solicitante_nombre ]]} &
                                         \textbf{Lic. Altagracia García Ros...
I've deleted a group-closing symbol because it seems to be
spurious, as in `$x}$'. But perhaps the } is legitimate and
you forgot something else, as in `\hbox{$x}'. In such cases
the way to recover is to insert both the forgotten and the
deleted material, e.g., by typing `I$}'.

/home/kikin/Proyectos/Reservas/Reservas/memo_reservas.tex:90: Missing } inserted.
<inserted text> 
                }
l.90 \textbf{[[ solicitante_nombre ]]} &
                                         \textbf{Lic. Altagracia García Ros...
I've put in what seems to be necessary to fix
the current column of the current alignment.
Try to go on, since this might almost work.

/home/kikin/Proyectos/Reservas/Reservas/memo_reservas.tex:90: Extra }, or forgotten $.
<inserted text> }
                 
l.90 \textbf{[[ solicitante_nombre ]]} &
                                         \textbf{Lic. Altagracia García Ros...
I've deleted a group-closing symbol because it seems to be
spurious, as in `$x}$'. But perhaps the } is legitimate and
you forgot something else, as in `\hbox{$x}'. In such cases
the way to recover is to insert both the forgotten and the
deleted material, e.g., by typing `I$}'.

/home/kikin/Proyectos/Reservas/Reservas/memo_reservas.tex:90: Missing } inserted.
<inserted text> 
                }
l.90 \textbf{[[ solicitante_nombre ]]} &
                                         \textbf{Lic. Altagracia García Ros...
I've put in what seems to be necessary to fix
the current column of the current alignment.
Try to go on, since this might almost work.

/home/kikin/Proyectos/Reservas/Reservas/memo_reservas.tex:90: Extra }, or forgotten $.
<inserted text> }
                 
l.90 \textbf{[[ solicitante_nombre ]]} &
                                         \textbf{Lic. Altagracia García Ros...
I've deleted a group-closing symbol because it seems to be
spurious, as in `$x}$'. But perhaps the } is legitimate and
you forgot something else, as in `\hbox{$x}'. In such cases
the way to recover is to insert both the forgotten and the
deleted material, e.g., by typing `I$}'.

/home/kikin/Proyectos/Reservas/Reservas/memo_reservas.tex:90: Missing } inserted.
<inserted text> 
                }
l.90 \textbf{[[ solicitante_nombre ]]} &
                                         \textbf{Lic. Altagracia García Ros...
I've put in what seems to be necessary to fix
the current column of the current alignment.
Try to go on, since this might almost work.

/home/kikin/Proyectos/Reservas/Reservas/memo_reservas.tex:90: Extra }, or forgotten $.
<inserted text> }
                 
l.90 \textbf{[[ solicitante_nombre ]]} &
                                         \textbf{Lic. Altagracia García Ros...
I've deleted a group-closing symbol because it seems to be
spurious, as in `$x}$'. But perhaps the } is legitimate and
you forgot something else, as in `\hbox{$x}'. In such cases
the way to recover is to insert both the forgotten and the
deleted material, e.g., by typing `I$}'.

/home/kikin/Proyectos/Reservas/Reservas/memo_reservas.tex:90: Missing } inserted.
<inserted text> 
                }
l.90 \textbf{[[ solicitante_nombre ]]} &
                                         \textbf{Lic. Altagracia García Ros...
I've put in what seems to be necessary to fix
the current column of the current alignment.
Try to go on, since this might almost work.

/home/kikin/Proyectos/Reservas/Reservas/memo_reservas.tex:90: Extra }, or forgotten $.
<inserted text> }
                 
l.90 \textbf{[[ solicitante_nombre ]]} &
                                         \textbf{Lic. Altagracia García Ros...
I've deleted a group-closing symbol because it seems to be
spurious, as in `$x}$'. But perhaps the } is legitimate and
you forgot something else, as in `\hbox{$x}'. In such cases
the way to recover is to insert both the forgotten and the
deleted material, e.g., by typing `I$}'.

/home/kikin/Proyectos/Reservas/Reservas/memo_reservas.tex:90: Missing } inserted.
<inserted text> 
                }
l.90 \textbf{[[ solicitante_nombre ]]} &
                                         \textbf{Lic. Altagracia García Ros...
I've put in what seems to be necessary to fix
the current column of the current alignment.
Try to go on, since this might almost work.

/home/kikin/Proyectos/Reservas/Reservas/memo_reservas.tex:90: Extra }, or forgotten $.
<inserted text> }
                 
l.90 \textbf{[[ solicitante_nombre ]]} &
                                         \textbf{Lic. Altagracia García Ros...
I've deleted a group-closing symbol because it seems to be
spurious, as in `$x}$'. But perhaps the } is legitimate and
you forgot something else, as in `\hbox{$x}'. In such cases
the way to recover is to insert both the forgotten and the
deleted material, e.g., by typing `I$}'.

/home/kikin/Proyectos/Reservas/Reservas/memo_reservas.tex:90: Missing } inserted.
<inserted text> 
                }
l.90 \textbf{[[ solicitante_nombre ]]} &
                                         \textbf{Lic. Altagracia García Ros...
I've put in what seems to be necessary to fix
the current column of the current alignment.
Try to go on, since this might almost work.

/home/kikin/Proyectos/Reservas/Reservas/memo_reservas.tex:90: Extra }, or forgotten $.
<inserted text> }
                 
l.90 \textbf{[[ solicitante_nombre ]]} &
                                         \textbf{Lic. Altagracia García Ros...
I've deleted a group-closing symbol because it seems to be
spurious, as in `$x}$'. But perhaps the } is legitimate and
you forgot something else, as in `\hbox{$x}'. In such cases
the way to recover is to insert both the forgotten and the
deleted material, e.g., by typing `I$}'.

/home/kikin/Proyectos/Reservas/Reservas/memo_reservas.tex:90: Missing } inserted.
<inserted text> 
                }
l.90 \textbf{[[ solicitante_nombre ]]} &
                                         \textbf{Lic. Altagracia García Ros...
I've put in what seems to be necessary to fix
the current column of the current alignment.
Try to go on, since this might almost work.

/home/kikin/Proyectos/Reservas/Reservas/memo_reservas.tex:90: Extra }, or forgotten $.
<inserted text> }
                 
l.90 \textbf{[[ solicitante_nombre ]]} &
                                         \textbf{Lic. Altagracia García Ros...
I've deleted a group-closing symbol because it seems to be
spurious, as in `$x}$'. But perhaps the } is legitimate and
you forgot something else, as in `\hbox{$x}'. In such cases
the way to recover is to insert both the forgotten and the
deleted material, e.g., by typing `I$}'.

/home/kikin/Proyectos/Reservas/Reservas/memo_reservas.tex:90: Missing } inserted.
<inserted text> 
                }
l.90 \textbf{[[ solicitante_nombre ]]} &
                                         \textbf{Lic. Altagracia García Ros...
I've put in what seems to be necessary to fix
the current column of the current alignment.
Try to go on, since this might almost work.

/home/kikin/Proyectos/Reservas/Reservas/memo_reservas.tex:90: Extra }, or forgotten $.
<inserted text> }
                 
l.90 \textbf{[[ solicitante_nombre ]]} &
                                         \textbf{Lic. Altagracia García Ros...
I've deleted a group-closing symbol because it seems to be
spurious, as in `$x}$'. But perhaps the } is legitimate and
you forgot something else, as in `\hbox{$x}'. In such cases
the way to recover is to insert both the forgotten and the
deleted material, e.g., by typing `I$}'.

/home/kikin/Proyectos/Reservas/Reservas/memo_reservas.tex:90: Missing } inserted.
<inserted text> 
                }
l.90 \textbf{[[ solicitante_nombre ]]} &
                                         \textbf{Lic. Altagracia García Ros...
I've put in what seems to be necessary to fix
the current column of the current alignment.
Try to go on, since this might almost work.

/home/kikin/Proyectos/Reservas/Reservas/memo_reservas.tex:90: Extra }, or forgotten $.
<inserted text> }
                 
l.90 \textbf{[[ solicitante_nombre ]]} &
                                         \textbf{Lic. Altagracia García Ros...
I've deleted a group-closing symbol because it seems to be
spurious, as in `$x}$'. But perhaps the } is legitimate and
you forgot something else, as in `\hbox{$x}'. In such cases
the way to recover is to insert both the forgotten and the
deleted material, e.g., by typing `I$}'.

/home/kikin/Proyectos/Reservas/Reservas/memo_reservas.tex:90: Missing } inserted.
<inserted text> 
                }
l.90 \textbf{[[ solicitante_nombre ]]} &
                                         \textbf{Lic. Altagracia García Ros...
I've put in what seems to be necessary to fix
the current column of the current alignment.
Try to go on, since this might almost work.

/home/kikin/Proyectos/Reservas/Reservas/memo_reservas.tex:90: Extra }, or forgotten $.
<inserted text> }
                 
l.90 \textbf{[[ solicitante_nombre ]]} &
                                         \textbf{Lic. Altagracia García Ros...
I've deleted a group-closing symbol because it seems to be
spurious, as in `$x}$'. But perhaps the } is legitimate and
you forgot something else, as in `\hbox{$x}'. In such cases
the way to recover is to insert both the forgotten and the
deleted material, e.g., by typing `I$}'.

/home/kikin/Proyectos/Reservas/Reservas/memo_reservas.tex:90: Missing } inserted.
<inserted text> 
                }
l.90 \textbf{[[ solicitante_nombre ]]} &
                                         \textbf{Lic. Altagracia García Ros...
I've put in what seems to be necessary to fix
the current column of the current alignment.
Try to go on, since this might almost work.

/home/kikin/Proyectos/Reservas/Reservas/memo_reservas.tex:90: Extra }, or forgotten $.
<inserted text> }
                 
l.90 \textbf{[[ solicitante_nombre ]]} &
                                         \textbf{Lic. Altagracia García Ros...
I've deleted a group-closing symbol because it seems to be
spurious, as in `$x}$'. But perhaps the } is legitimate and
you forgot something else, as in `\hbox{$x}'. In such cases
the way to recover is to insert both the forgotten and the
deleted material, e.g., by typing `I$}'.

/home/kikin/Proyectos/Reservas/Reservas/memo_reservas.tex:90: Missing } inserted.
<inserted text> 
                }
l.90 \textbf{[[ solicitante_nombre ]]} &
                                         \textbf{Lic. Altagracia García Ros...
I've put in what seems to be necessary to fix
the current column of the current alignment.
Try to go on, since this might almost work.

/home/kikin/Proyectos/Reservas/Reservas/memo_reservas.tex:90: Extra }, or forgotten $.
<inserted text> }
                 
l.90 \textbf{[[ solicitante_nombre ]]} &
                                         \textbf{Lic. Altagracia García Ros...
I've deleted a group-closing symbol because it seems to be
spurious, as in `$x}$'. But perhaps the } is legitimate and
you forgot something else, as in `\hbox{$x}'. In such cases
the way to recover is to insert both the forgotten and the
deleted material, e.g., by typing `I$}'.

/home/kikin/Proyectos/Reservas/Reservas/memo_reservas.tex:90: Missing } inserted.
<inserted text> 
                }
l.90 \textbf{[[ solicitante_nombre ]]} &
                                         \textbf{Lic. Altagracia García Ros...
I've put in what seems to be necessary to fix
the current column of the current alignment.
Try to go on, since this might almost work.

/home/kikin/Proyectos/Reservas/Reservas/memo_reservas.tex:90: Extra }, or forgotten $.
<inserted text> }
                 
l.90 \textbf{[[ solicitante_nombre ]]} &
                                         \textbf{Lic. Altagracia García Ros...
I've deleted a group-closing symbol because it seems to be
spurious, as in `$x}$'. But perhaps the } is legitimate and
you forgot something else, as in `\hbox{$x}'. In such cases
the way to recover is to insert both the forgotten and the
deleted material, e.g., by typing `I$}'.

/home/kikin/Proyectos/Reservas/Reservas/memo_reservas.tex:90: Missing } inserted.
<inserted text> 
                }
l.90 \textbf{[[ solicitante_nombre ]]} &
                                         \textbf{Lic. Altagracia García Ros...
I've put in what seems to be necessary to fix
the current column of the current alignment.
Try to go on, since this might almost work.

/home/kikin/Proyectos/Reservas/Reservas/memo_reservas.tex:90: Extra }, or forgotten $.
<inserted text> }
                 
l.90 \textbf{[[ solicitante_nombre ]]} &
                                         \textbf{Lic. Altagracia García Ros...
I've deleted a group-closing symbol because it seems to be
spurious, as in `$x}$'. But perhaps the } is legitimate and
you forgot something else, as in `\hbox{$x}'. In such cases
the way to recover is to insert both the forgotten and the
deleted material, e.g., by typing `I$}'.

/home/kikin/Proyectos/Reservas/Reservas/memo_reservas.tex:90: Missing } inserted.
<inserted text> 
                }
l.90 \textbf{[[ solicitante_nombre ]]} &
                                         \textbf{Lic. Altagracia García Ros...
I've put in what seems to be necessary to fix
the current column of the current alignment.
Try to go on, since this might almost work.

/home/kikin/Proyectos/Reservas/Reservas/memo_reservas.tex:90: Extra }, or forgotten $.
<inserted text> }
                 
l.90 \textbf{[[ solicitante_nombre ]]} &
                                         \textbf{Lic. Altagracia García Ros...
I've deleted a group-closing symbol because it seems to be
spurious, as in `$x}$'. But perhaps the } is legitimate and
you forgot something else, as in `\hbox{$x}'. In such cases
the way to recover is to insert both the forgotten and the
deleted material, e.g., by typing `I$}'.

/home/kikin/Proyectos/Reservas/Reservas/memo_reservas.tex:90: Missing } inserted.
<inserted text> 
                }
l.90 \textbf{[[ solicitante_nombre ]]} &
                                         \textbf{Lic. Altagracia García Ros...
I've put in what seems to be necessary to fix
the current column of the current alignment.
Try to go on, since this might almost work.

/home/kikin/Proyectos/Reservas/Reservas/memo_reservas.tex:90: Extra }, or forgotten $.
<inserted text> }
                 
l.90 \textbf{[[ solicitante_nombre ]]} &
                                         \textbf{Lic. Altagracia García Ros...
I've deleted a group-closing symbol because it seems to be
spurious, as in `$x}$'. But perhaps the } is legitimate and
you forgot something else, as in `\hbox{$x}'. In such cases
the way to recover is to insert both the forgotten and the
deleted material, e.g., by typing `I$}'.

/home/kikin/Proyectos/Reservas/Reservas/memo_reservas.tex:90: Missing } inserted.
<inserted text> 
                }
l.90 \textbf{[[ solicitante_nombre ]]} &
                                         \textbf{Lic. Altagracia García Ros...
I've put in what seems to be necessary to fix
the current column of the current alignment.
Try to go on, since this might almost work.

/home/kikin/Proyectos/Reservas/Reservas/memo_reservas.tex:90: Extra }, or forgotten $.
<inserted text> }
                 
l.90 \textbf{[[ solicitante_nombre ]]} &
                                         \textbf{Lic. Altagracia García Ros...
I've deleted a group-closing symbol because it seems to be
spurious, as in `$x}$'. But perhaps the } is legitimate and
you forgot something else, as in `\hbox{$x}'. In such cases
the way to recover is to insert both the forgotten and the
deleted material, e.g., by typing `I$}'.

/home/kikin/Proyectos/Reservas/Reservas/memo_reservas.tex:90: Missing } inserted.
<inserted text> 
                }
l.90 \textbf{[[ solicitante_nombre ]]} &
                                         \textbf{Lic. Altagracia García Ros...
I've put in what seems to be necessary to fix
the current column of the current alignment.
Try to go on, since this might almost work.

/home/kikin/Proyectos/Reservas/Reservas/memo_reservas.tex:90: Extra }, or forgotten $.
<inserted text> }
                 
l.90 \textbf{[[ solicitante_nombre ]]} &
                                         \textbf{Lic. Altagracia García Ros...
I've deleted a group-closing symbol because it seems to be
spurious, as in `$x}$'. But perhaps the } is legitimate and
you forgot something else, as in `\hbox{$x}'. In such cases
the way to recover is to insert both the forgotten and the
deleted material, e.g., by typing `I$}'.

/home/kikin/Proyectos/Reservas/Reservas/memo_reservas.tex:90: Missing } inserted.
<inserted text> 
                }
l.90 \textbf{[[ solicitante_nombre ]]} &
                                         \textbf{Lic. Altagracia García Ros...
I've put in what seems to be necessary to fix
the current column of the current alignment.
Try to go on, since this might almost work.

/home/kikin/Proyectos/Reservas/Reservas/memo_reservas.tex:90: Extra }, or forgotten $.
<inserted text> }
                 
l.90 \textbf{[[ solicitante_nombre ]]} &
                                         \textbf{Lic. Altagracia García Ros...
I've deleted a group-closing symbol because it seems to be
spurious, as in `$x}$'. But perhaps the } is legitimate and
you forgot something else, as in `\hbox{$x}'. In such cases
the way to recover is to insert both the forgotten and the
deleted material, e.g., by typing `I$}'.

/home/kikin/Proyectos/Reservas/Reservas/memo_reservas.tex:90: Missing } inserted.
<inserted text> 
                }
l.90 \textbf{[[ solicitante_nombre ]]} &
                                         \textbf{Lic. Altagracia García Ros...
I've put in what seems to be necessary to fix
the current column of the current alignment.
Try to go on, since this might almost work.

/home/kikin/Proyectos/Reservas/Reservas/memo_reservas.tex:90: Extra }, or forgotten $.
<inserted text> }
                 
l.90 \textbf{[[ solicitante_nombre ]]} &
                                         \textbf{Lic. Altagracia García Ros...
I've deleted a group-closing symbol because it seems to be
spurious, as in `$x}$'. But perhaps the } is legitimate and
you forgot something else, as in `\hbox{$x}'. In such cases
the way to recover is to insert both the forgotten and the
deleted material, e.g., by typing `I$}'.

/home/kikin/Proyectos/Reservas/Reservas/memo_reservas.tex:90: Missing } inserted.
<inserted text> 
                }
l.90 \textbf{[[ solicitante_nombre ]]} &
                                         \textbf{Lic. Altagracia García Ros...
I've put in what seems to be necessary to fix
the current column of the current alignment.
Try to go on, since this might almost work.

/home/kikin/Proyectos/Reservas/Reservas/memo_reservas.tex:90: Extra }, or forgotten $.
<inserted text> }
                 
l.90 \textbf{[[ solicitante_nombre ]]} &
                                         \textbf{Lic. Altagracia García Ros...
I've deleted a group-closing symbol because it seems to be
spurious, as in `$x}$'. But perhaps the } is legitimate and
you forgot something else, as in `\hbox{$x}'. In such cases
the way to recover is to insert both the forgotten and the
deleted material, e.g., by typing `I$}'.

/home/kikin/Proyectos/Reservas/Reservas/memo_reservas.tex:90: Missing } inserted.
<inserted text> 
                }
l.90 \textbf{[[ solicitante_nombre ]]} &
                                         \textbf{Lic. Altagracia García Ros...
I've put in what seems to be necessary to fix
the current column of the current alignment.
Try to go on, since this might almost work.

/home/kikin/Proyectos/Reservas/Reservas/memo_reservas.tex:90: Extra }, or forgotten $.
<inserted text> }
                 
l.90 \textbf{[[ solicitante_nombre ]]} &
                                         \textbf{Lic. Altagracia García Ros...
I've deleted a group-closing symbol because it seems to be
spurious, as in `$x}$'. But perhaps the } is legitimate and
you forgot something else, as in `\hbox{$x}'. In such cases
the way to recover is to insert both the forgotten and the
deleted material, e.g., by typing `I$}'.

/home/kikin/Proyectos/Reservas/Reservas/memo_reservas.tex:90: Missing } inserted.
<inserted text> 
                }
l.90 \textbf{[[ solicitante_nombre ]]} &
                                         \textbf{Lic. Altagracia García Ros...
I've put in what seems to be necessary to fix
the current column of the current alignment.
Try to go on, since this might almost work.

/home/kikin/Proyectos/Reservas/Reservas/memo_reservas.tex:90: Extra }, or forgotten $.
<inserted text> }
                 
l.90 \textbf{[[ solicitante_nombre ]]} &
                                         \textbf{Lic. Altagracia García Ros...
I've deleted a group-closing symbol because it seems to be
spurious, as in `$x}$'. But perhaps the } is legitimate and
you forgot something else, as in `\hbox{$x}'. In such cases
the way to recover is to insert both the forgotten and the
deleted material, e.g., by typing `I$}'.

/home/kikin/Proyectos/Reservas/Reservas/memo_reservas.tex:90: Missing } inserted.
<inserted text> 
                }
l.90 \textbf{[[ solicitante_nombre ]]} &
                                         \textbf{Lic. Altagracia García Ros...
I've put in what seems to be necessary to fix
the current column of the current alignment.
Try to go on, since this might almost work.

/home/kikin/Proyectos/Reservas/Reservas/memo_reservas.tex:90: Extra }, or forgotten $.
<inserted text> }
                 
l.90 \textbf{[[ solicitante_nombre ]]} &
                                         \textbf{Lic. Altagracia García Ros...
I've deleted a group-closing symbol because it seems to be
spurious, as in `$x}$'. But perhaps the } is legitimate and
you forgot something else, as in `\hbox{$x}'. In such cases
the way to recover is to insert both the forgotten and the
deleted material, e.g., by typing `I$}'.

/home/kikin/Proyectos/Reservas/Reservas/memo_reservas.tex:90: Missing } inserted.
<inserted text> 
                }
l.90 \textbf{[[ solicitante_nombre ]]} &
                                         \textbf{Lic. Altagracia García Ros...
I've put in what seems to be necessary to fix
the current column of the current alignment.
Try to go on, since this might almost work.

/home/kikin/Proyectos/Reservas/Reservas/memo_reservas.tex:90: Extra }, or forgotten $.
<inserted text> }
                 
l.90 \textbf{[[ solicitante_nombre ]]} &
                                         \textbf{Lic. Altagracia García Ros...
I've deleted a group-closing symbol because it seems to be
spurious, as in `$x}$'. But perhaps the } is legitimate and
you forgot something else, as in `\hbox{$x}'. In such cases
the way to recover is to insert both the forgotten and the
deleted material, e.g., by typing `I$}'.

/home/kikin/Proyectos/Reservas/Reservas/memo_reservas.tex:90: Missing } inserted.
<inserted text> 
                }
l.90 \textbf{[[ solicitante_nombre ]]} &
                                         \textbf{Lic. Altagracia García Ros...
I've put in what seems to be necessary to fix
the current column of the current alignment.
Try to go on, since this might almost work.

/home/kikin/Proyectos/Reservas/Reservas/memo_reservas.tex:90: Extra }, or forgotten $.
<inserted text> }
                 
l.90 \textbf{[[ solicitante_nombre ]]} &
                                         \textbf{Lic. Altagracia García Ros...
I've deleted a group-closing symbol because it seems to be
spurious, as in `$x}$'. But perhaps the } is legitimate and
you forgot something else, as in `\hbox{$x}'. In such cases
the way to recover is to insert both the forgotten and the
deleted material, e.g., by typing `I$}'.

/home/kikin/Proyectos/Reservas/Reservas/memo_reservas.tex:90: Missing } inserted.
<inserted text> 
                }
l.90 \textbf{[[ solicitante_nombre ]]} &
                                         \textbf{Lic. Altagracia García Ros...
I've put in what seems to be necessary to fix
the current column of the current alignment.
Try to go on, since this might almost work.

/home/kikin/Proyectos/Reservas/Reservas/memo_reservas.tex:90: Extra }, or forgotten $.
<inserted text> }
                 
l.90 \textbf{[[ solicitante_nombre ]]} &
                                         \textbf{Lic. Altagracia García Ros...
I've deleted a group-closing symbol because it seems to be
spurious, as in `$x}$'. But perhaps the } is legitimate and
you forgot something else, as in `\hbox{$x}'. In such cases
the way to recover is to insert both the forgotten and the
deleted material, e.g., by typing `I$}'.

/home/kikin/Proyectos/Reservas/Reservas/memo_reservas.tex:90: Missing } inserted.
<inserted text> 
                }
l.90 \textbf{[[ solicitante_nombre ]]} &
                                         \textbf{Lic. Altagracia García Ros...
I've put in what seems to be necessary to fix
the current column of the current alignment.
Try to go on, since this might almost work.

/home/kikin/Proyectos/Reservas/Reservas/memo_reservas.tex:90: Extra }, or forgotten $.
<inserted text> }
                 
l.90 \textbf{[[ solicitante_nombre ]]} &
                                         \textbf{Lic. Altagracia García Ros...
I've deleted a group-closing symbol because it seems to be
spurious, as in `$x}$'. But perhaps the } is legitimate and
you forgot something else, as in `\hbox{$x}'. In such cases
the way to recover is to insert both the forgotten and the
deleted material, e.g., by typing `I$}'.

/home/kikin/Proyectos/Reservas/Reservas/memo_reservas.tex:90: Missing } inserted.
<inserted text> 
                }
l.90 \textbf{[[ solicitante_nombre ]]} &
                                         \textbf{Lic. Altagracia García Ros...
I've put in what seems to be necessary to fix
the current column of the current alignment.
Try to go on, since this might almost work.

/home/kikin/Proyectos/Reservas/Reservas/memo_reservas.tex:90: Extra }, or forgotten $.
<inserted text> }
                 
l.90 \textbf{[[ solicitante_nombre ]]} &
                                         \textbf{Lic. Altagracia García Ros...
I've deleted a group-closing symbol because it seems to be
spurious, as in `$x}$'. But perhaps the } is legitimate and
you forgot something else, as in `\hbox{$x}'. In such cases
the way to recover is to insert both the forgotten and the
deleted material, e.g., by typing `I$}'.

/home/kikin/Proyectos/Reservas/Reservas/memo_reservas.tex:90: Missing } inserted.
<inserted text> 
                }
l.90 \textbf{[[ solicitante_nombre ]]} &
                                         \textbf{Lic. Altagracia García Ros...
I've put in what seems to be necessary to fix
the current column of the current alignment.
Try to go on, since this might almost work.

/home/kikin/Proyectos/Reservas/Reservas/memo_reservas.tex:90: Extra }, or forgotten $.
<inserted text> }
                 
l.90 \textbf{[[ solicitante_nombre ]]} &
                                         \textbf{Lic. Altagracia García Ros...
I've deleted a group-closing symbol because it seems to be
spurious, as in `$x}$'. But perhaps the } is legitimate and
you forgot something else, as in `\hbox{$x}'. In such cases
the way to recover is to insert both the forgotten and the
deleted material, e.g., by typing `I$}'.

/home/kikin/Proyectos/Reservas/Reservas/memo_reservas.tex:90: Missing } inserted.
<inserted text> 
                }
l.90 \textbf{[[ solicitante_nombre ]]} &
                                         \textbf{Lic. Altagracia García Ros...
I've put in what seems to be necessary to fix
the current column of the current alignment.
Try to go on, since this might almost work.

/home/kikin/Proyectos/Reservas/Reservas/memo_reservas.tex:90: Extra }, or forgotten $.
<inserted text> }
                 
l.90 \textbf{[[ solicitante_nombre ]]} &
                                         \textbf{Lic. Altagracia García Ros...
I've deleted a group-closing symbol because it seems to be
spurious, as in `$x}$'. But perhaps the } is legitimate and
you forgot something else, as in `\hbox{$x}'. In such cases
the way to recover is to insert both the forgotten and the
deleted material, e.g., by typing `I$}'.

/home/kikin/Proyectos/Reservas/Reservas/memo_reservas.tex:90: Missing } inserted.
<inserted text> 
                }
l.90 \textbf{[[ solicitante_nombre ]]} &
                                         \textbf{Lic. Altagracia García Ros...
I've put in what seems to be necessary to fix
the current column of the current alignment.
Try to go on, since this might almost work.

/home/kikin/Proyectos/Reservas/Reservas/memo_reservas.tex:90: Extra }, or forgotten $.
<inserted text> }
                 
l.90 \textbf{[[ solicitante_nombre ]]} &
                                         \textbf{Lic. Altagracia García Ros...
I've deleted a group-closing symbol because it seems to be
spurious, as in `$x}$'. But perhaps the } is legitimate and
you forgot something else, as in `\hbox{$x}'. In such cases
the way to recover is to insert both the forgotten and the
deleted material, e.g., by typing `I$}'.

/home/kikin/Proyectos/Reservas/Reservas/memo_reservas.tex:90: Missing } inserted.
<inserted text> 
                }
l.90 \textbf{[[ solicitante_nombre ]]} &
                                         \textbf{Lic. Altagracia García Ros...
I've put in what seems to be necessary to fix
the current column of the current alignment.
Try to go on, since this might almost work.

/home/kikin/Proyectos/Reservas/Reservas/memo_reservas.tex:90: Extra }, or forgotten $.
<inserted text> }
                 
l.90 \textbf{[[ solicitante_nombre ]]} &
                                         \textbf{Lic. Altagracia García Ros...
I've deleted a group-closing symbol because it seems to be
spurious, as in `$x}$'. But perhaps the } is legitimate and
you forgot something else, as in `\hbox{$x}'. In such cases
the way to recover is to insert both the forgotten and the
deleted material, e.g., by typing `I$}'.

/home/kikin/Proyectos/Reservas/Reservas/memo_reservas.tex:90: Missing } inserted.
<inserted text> 
                }
l.90 \textbf{[[ solicitante_nombre ]]} &
                                         \textbf{Lic. Altagracia García Ros...
I've put in what seems to be necessary to fix
the current column of the current alignment.
Try to go on, since this might almost work.

/home/kikin/Proyectos/Reservas/Reservas/memo_reservas.tex:90: Extra }, or forgotten $.
<inserted text> }
                 
l.90 \textbf{[[ solicitante_nombre ]]} &
                                         \textbf{Lic. Altagracia García Ros...
I've deleted a group-closing symbol because it seems to be
spurious, as in `$x}$'. But perhaps the } is legitimate and
you forgot something else, as in `\hbox{$x}'. In such cases
the way to recover is to insert both the forgotten and the
deleted material, e.g., by typing `I$}'.

/home/kikin/Proyectos/Reservas/Reservas/memo_reservas.tex:90: Missing } inserted.
<inserted text> 
                }
l.90 \textbf{[[ solicitante_nombre ]]} &
                                         \textbf{Lic. Altagracia García Ros...
I've put in what seems to be necessary to fix
the current column of the current alignment.
Try to go on, since this might almost work.

/home/kikin/Proyectos/Reservas/Reservas/memo_reservas.tex:90: Extra }, or forgotten $.
<inserted text> }
                 
l.90 \textbf{[[ solicitante_nombre ]]} &
                                         \textbf{Lic. Altagracia García Ros...
I've deleted a group-closing symbol because it seems to be
spurious, as in `$x}$'. But perhaps the } is legitimate and
you forgot something else, as in `\hbox{$x}'. In such cases
the way to recover is to insert both the forgotten and the
deleted material, e.g., by typing `I$}'.

/home/kikin/Proyectos/Reservas/Reservas/memo_reservas.tex:90: Missing } inserted.
<inserted text> 
                }
l.90 \textbf{[[ solicitante_nombre ]]} &
                                         \textbf{Lic. Altagracia García Ros...
I've put in what seems to be necessary to fix
the current column of the current alignment.
Try to go on, since this might almost work.

/home/kikin/Proyectos/Reservas/Reservas/memo_reservas.tex:90: Extra }, or forgotten $.
<inserted text> }
                 
l.90 \textbf{[[ solicitante_nombre ]]} &
                                         \textbf{Lic. Altagracia García Ros...
I've deleted a group-closing symbol because it seems to be
spurious, as in `$x}$'. But perhaps the } is legitimate and
you forgot something else, as in `\hbox{$x}'. In such cases
the way to recover is to insert both the forgotten and the
deleted material, e.g., by typing `I$}'.

/home/kikin/Proyectos/Reservas/Reservas/memo_reservas.tex:90: Missing } inserted.
<inserted text> 
                }
l.90 \textbf{[[ solicitante_nombre ]]} &
                                         \textbf{Lic. Altagracia García Ros...
I've put in what seems to be necessary to fix
the current column of the current alignment.
Try to go on, since this might almost work.

/home/kikin/Proyectos/Reservas/Reservas/memo_reservas.tex:90: Extra }, or forgotten $.
<inserted text> }
                 
l.90 \textbf{[[ solicitante_nombre ]]} &
                                         \textbf{Lic. Altagracia García Ros...
I've deleted a group-closing symbol because it seems to be
spurious, as in `$x}$'. But perhaps the } is legitimate and
you forgot something else, as in `\hbox{$x}'. In such cases
the way to recover is to insert both the forgotten and the
deleted material, e.g., by typing `I$}'.

/home/kikin/Proyectos/Reservas/Reservas/memo_reservas.tex:90: Missing } inserted.
<inserted text> 
                }
l.90 \textbf{[[ solicitante_nombre ]]} &
                                         \textbf{Lic. Altagracia García Ros...
I've put in what seems to be necessary to fix
the current column of the current alignment.
Try to go on, since this might almost work.

/home/kikin/Proyectos/Reservas/Reservas/memo_reservas.tex:90: Extra }, or forgotten $.
<inserted text> }
                 
l.90 \textbf{[[ solicitante_nombre ]]} &
                                         \textbf{Lic. Altagracia García Ros...
I've deleted a group-closing symbol because it seems to be
spurious, as in `$x}$'. But perhaps the } is legitimate and
you forgot something else, as in `\hbox{$x}'. In such cases
the way to recover is to insert both the forgotten and the
deleted material, e.g., by typing `I$}'.

/home/kikin/Proyectos/Reservas/Reservas/memo_reservas.tex:90: Missing } inserted.
<inserted text> 
                }
l.90 \textbf{[[ solicitante_nombre ]]} &
                                         \textbf{Lic. Altagracia García Ros...
I've put in what seems to be necessary to fix
the current column of the current alignment.
Try to go on, since this might almost work.

/home/kikin/Proyectos/Reservas/Reservas/memo_reservas.tex:90: Extra }, or forgotten $.
<inserted text> }
                 
l.90 \textbf{[[ solicitante_nombre ]]} &
                                         \textbf{Lic. Altagracia García Ros...
I've deleted a group-closing symbol because it seems to be
spurious, as in `$x}$'. But perhaps the } is legitimate and
you forgot something else, as in `\hbox{$x}'. In such cases
the way to recover is to insert both the forgotten and the
deleted material, e.g., by typing `I$}'.

/home/kikin/Proyectos/Reservas/Reservas/memo_reservas.tex:90: Missing } inserted.
<inserted text> 
                }
l.90 \textbf{[[ solicitante_nombre ]]} &
                                         \textbf{Lic. Altagracia García Ros...
I've put in what seems to be necessary to fix
the current column of the current alignment.
Try to go on, since this might almost work.

/home/kikin/Proyectos/Reservas/Reservas/memo_reservas.tex:90: Extra }, or forgotten $.
<inserted text> }
                 
l.90 \textbf{[[ solicitante_nombre ]]} &
                                         \textbf{Lic. Altagracia García Ros...
(That makes 100 errors; please try again.) 
Here is how much of TeX's memory you used:
 4144 strings out of 474222
 66623 string characters out of 5748733
 1923975 words of memory out of 5000000
 26385 multiletter control sequences out of 15000+600000
 562857 words of font info for 49 fonts, out of 8000000 for 9000
 1141 hyphenation exceptions out of 8191
 57i,10n,65p,466b,365s stack positions out of 10000i,1000n,20000p,200000b,200000s

/home/kikin/Proyectos/Reservas/Reservas/memo_reservas.tex:90:  ==> Fatal error occurred, no output PDF file produced!
